2025-06-26 20:18:53,804 INFO    MainThread:1161976 [wandb_setup.py:_flush():81] Current SDK version is 0.20.1
2025-06-26 20:18:53,805 INFO    MainThread:1161976 [wandb_setup.py:_flush():81] Configure stats pid to 1161976
2025-06-26 20:18:53,805 INFO    MainThread:1161976 [wandb_setup.py:_flush():81] Loading settings from /home/wy/.config/wandb/settings
2025-06-26 20:18:53,805 INFO    MainThread:1161976 [wandb_setup.py:_flush():81] Loading settings from /dev_data/wy/zwt/verl/wandb/settings
2025-06-26 20:18:53,805 INFO    MainThread:1161976 [wandb_setup.py:_flush():81] Loading settings from environment variables
2025-06-26 20:18:53,805 INFO    MainThread:1161976 [wandb_init.py:setup_run_log_directory():703] Logging user logs to /dev_data/wy/zwt/verl/wandb/run-20250626_201853-qqnd1q0y/logs/debug.log
2025-06-26 20:18:53,805 INFO    MainThread:1161976 [wandb_init.py:setup_run_log_directory():704] Logging internal logs to /dev_data/wy/zwt/verl/wandb/run-20250626_201853-qqnd1q0y/logs/debug-internal.log
2025-06-26 20:18:53,805 INFO    MainThread:1161976 [wandb_init.py:init():831] calling init triggers
2025-06-26 20:18:53,806 INFO    MainThread:1161976 [wandb_init.py:init():836] wandb.init called with sweep_config: {}
config: {'data': {'tokenizer': None, 'use_shm': False, 'train_files': ['data/nq_open/train.parquet'], 'val_files': ['data/nq_open/test.parquet'], 'prompt_key': 'prompt', 'reward_fn_key': 'data_source', 'max_prompt_length': 512, 'max_response_length': 1024, 'train_batch_size': 1, 'val_batch_size': None, 'return_raw_input_ids': False, 'return_raw_chat': False, 'return_full_prompt': False, 'shuffle': True, 'validation_shuffle': False, 'filter_overlong_prompts': True, 'filter_overlong_prompts_workers': 1, 'truncation': 'error', 'image_key': 'images', 'video_key': 'videos', 'trust_remote_code': False, 'custom_cls': {'path': None, 'name': None}}, 'actor_rollout_ref': {'hybrid_engine': True, 'model': {'path': '/dev_data/wy/zwt/qwen3-4b', 'custom_chat_template': None, 'use_shm': False, 'external_lib': None, 'override_config': {}, 'enable_gradient_checkpointing': True, 'enable_activation_offload': False, 'use_remove_padding': True, 'lora_rank': 64, 'lora_alpha': 32, 'target_modules': 'all-linear', 'use_liger': False, 'use_fused_kernels': False, 'fused_kernel_options': {'impl_backend': 'torch'}, 'trust_remote_code': False}, 'actor': {'strategy': 'fsdp', 'ppo_mini_batch_size': 1, 'ppo_micro_batch_size': None, 'ppo_micro_batch_size_per_gpu': 2, 'use_dynamic_bsz': False, 'ppo_max_token_len_per_gpu': 1536, 'grad_clip': 1.0, 'clip_ratio': 0.2, 'clip_ratio_low': 0.2, 'clip_ratio_high': 0.2, 'policy_loss': {'loss_mode': 'vanilla', 'clip_cov_ratio': 0.0002, 'clip_cov_lb': 1.0, 'clip_cov_ub': 5.0, 'kl_cov_ratio': 0.0002, 'ppo_kl_coef': 0.1}, 'clip_ratio_c': 3.0, 'loss_agg_mode': 'token-mean', 'entropy_coeff': 0, 'use_kl_loss': True, 'use_torch_compile': True, 'kl_loss_coef': 0.001, 'kl_loss_type': 'low_var_kl', 'ppo_epochs': 1, 'shuffle': False, 'ulysses_sequence_parallel_size': 1, 'entropy_from_logits_with_chunking': False, 'entropy_checkpointing': False, 'checkpoint': {'save_contents': ['model', 'optimizer', 'extra'], 'load_contents': ['model', 'optimizer', 'extra']}, 'optim': {'lr': 5e-07, 'lr_warmup_steps': -1, 'lr_warmup_steps_ratio': 0.03, 'min_lr_ratio': 0.0, 'num_cycles': 0.5, 'warmup_style': 'cosine', 'total_training_steps': 80000, 'weight_decay': 0.01}, 'fsdp_config': {'wrap_policy': {'min_num_params': 0}, 'param_offload': False, 'optimizer_offload': False, 'offload_policy': False, 'reshard_after_forward': True, 'fsdp_size': -1, 'forward_prefetch': False}, 'profiler': {'discrete': False, 'all_ranks': False, 'ranks': None}}, 'ref': {'strategy': 'fsdp', 'fsdp_config': {'param_offload': True, 'reshard_after_forward': True, 'forward_prefetch': False, 'wrap_policy': {'min_num_params': 0}}, 'use_torch_compile': True, 'log_prob_micro_batch_size': None, 'log_prob_micro_batch_size_per_gpu': 2, 'log_prob_use_dynamic_bsz': False, 'log_prob_max_token_len_per_gpu': 1536, 'ulysses_sequence_parallel_size': 1, 'entropy_from_logits_with_chunking': False, 'entropy_checkpointing': False, 'profiler': {'discrete': False, 'all_ranks': False, 'ranks': None}}, 'rollout': {'name': 'vllm', 'mode': 'sync', 'temperature': 0.6, 'top_k': -1, 'top_p': 1, 'use_fire_sampling': False, 'prompt_length': 512, 'response_length': 1024, 'dtype': 'bfloat16', 'gpu_memory_utilization': 0.8, 'ignore_eos': False, 'enforce_eager': False, 'free_cache_engine': False, 'load_format': 'dummy_dtensor', 'layered_summon': False, 'tensor_model_parallel_size': 1, 'max_num_batched_tokens': 1536, 'max_model_len': 1536, 'max_num_seqs': 1024, 'log_prob_micro_batch_size': None, 'log_prob_micro_batch_size_per_gpu': 2, 'log_prob_use_dynamic_bsz': False, 'log_prob_max_token_len_per_gpu': 1536, 'disable_log_stats': True, 'enable_chunked_prefill': True, 'do_sample': True, 'n': 8, 'multi_stage_wake_up': False, 'engine_kwargs': {'vllm': {'swap_space': None, 'disable_mm_preprocessor_cache': False}, 'sglang': {'attention_backend': None}}, 'val_kwargs': {'top_k': -1, 'top_p': 1.0, 'temperature': 0, 'n': 1, 'do_sample': False}, 'multi_turn': {'enable': False, 'max_assistant_turns': None, 'tool_config_path': None, 'max_user_turns': None, 'interaction_config_path': None, 'completion_callback': None, 'use_inference_chat_template': False, 'tokenization_sanity_check_mode': 'strict', 'format': 'hermes'}, 'calculate_log_probs': False, 'profiler': {'discrete': False, 'all_ranks': False, 'ranks': None}}}, 'critic': {'rollout_n': 8, 'strategy': 'fsdp', 'optim': {'lr': 9e-06, 'lr_warmup_steps_ratio': 0.0, 'min_lr_ratio': None, 'warmup_style': 'constant', 'total_training_steps': 80000, 'weight_decay': 0.01}, 'model': {'path': '/dev_data/wy/zwt/qwen3-4b', 'use_shm': False, 'tokenizer_path': '/dev_data/wy/zwt/qwen3-4b', 'override_config': {}, 'external_lib': None, 'enable_gradient_checkpointing': True, 'enable_activation_offload': False, 'use_remove_padding': True, 'trust_remote_code': False, 'fsdp_config': {'param_offload': False, 'optimizer_offload': False, 'offload_policy': False, 'reshard_after_forward': True, 'wrap_policy': {'min_num_params': 0}, 'fsdp_size': -1, 'forward_prefetch': False}, 'lora_rank': 0, 'lora_alpha': 16, 'target_modules': 'all-linear'}, 'ppo_mini_batch_size': 1, 'ppo_micro_batch_size': None, 'ppo_micro_batch_size_per_gpu': 2, 'forward_micro_batch_size': None, 'forward_micro_batch_size_per_gpu': 2, 'use_dynamic_bsz': False, 'ppo_max_token_len_per_gpu': 32768, 'forward_max_token_len_per_gpu': 32768, 'ulysses_sequence_parallel_size': 1, 'ppo_epochs': 1, 'shuffle': False, 'grad_clip': 1.0, 'cliprange_value': 0.5, 'loss_agg_mode': 'token-mean', 'checkpoint': {'save_contents': ['model', 'optimizer', 'extra'], 'load_contents': ['model', 'optimizer', 'extra']}, 'profiler': {'discrete': False, 'all_ranks': False, 'ranks': None}}, 'reward_model': {'enable': False, 'strategy': 'fsdp', 'model': {'input_tokenizer': '/dev_data/wy/zwt/qwen3-4b', 'path': '~/models/FsfairX-LLaMA3-RM-v0.1', 'use_shm': False, 'external_lib': None, 'use_remove_padding': False, 'use_fused_kernels': False, 'trust_remote_code': False, 'fsdp_config': {'wrap_policy': {'min_num_params': 0}, 'param_offload': False, 'reshard_after_forward': True, 'fsdp_size': -1, 'forward_prefetch': False}}, 'micro_batch_size': None, 'micro_batch_size_per_gpu': None, 'max_length': None, 'ulysses_sequence_parallel_size': 1, 'use_dynamic_bsz': False, 'forward_max_token_len_per_gpu': 32768, 'reward_manager': 'batch', 'launch_reward_fn_async': False, 'sandbox_fusion': {'url': None, 'max_concurrent': 64, 'memory_limit_mb': 1024}, 'profiler': {'discrete': False, 'all_ranks': False, 'ranks': None}, 'reward_kwargs': {'count_file': 'count/DS-GRPO-Qwen3-4B/nq-open/count.json'}}, 'custom_reward_function': {'path': '/dev_data/wy/zwt/verl/verl/utils/reward_score/ds.py', 'name': 'compute_score'}, 'algorithm': {'gamma': 1.0, 'lam': 1.0, 'adv_estimator': 'grpo', 'norm_adv_by_std_in_grpo': True, 'use_kl_in_reward': False, 'kl_penalty': 'kl', 'kl_ctrl': {'type': 'fixed', 'kl_coef': 0.0, 'horizon': 10000, 'target_kl': 0.1}, 'use_pf_ppo': False, 'pf_ppo': {'reweight_method': 'pow', 'weight_pow': 2.0}}, 'trainer': {'balance_batch': True, 'total_epochs': 80, 'total_training_steps': None, 'profile_steps': None, 'controller_nsight_options': {'trace': 'cuda,nvtx,cublas,ucx', 'cuda-memory-usage': 'true', 'cuda-graph-trace': 'graph'}, 'worker_nsight_options': {'trace': 'cuda,nvtx,cublas,ucx', 'cuda-memory-usage': 'true', 'cuda-graph-trace': 'graph', 'capture-range': 'cudaProfilerApi', 'capture-range-end': None, 'kill': 'none'}, 'project_name': 'DS-verl', 'experiment_name': '0626-DS-GRPO-DS-GRPO-Qwen3-4B-grpo', 'logger': ['console', 'wandb'], 'log_val_generations': 0, 'rollout_data_dir': None, 'validation_data_dir': None, 'nnodes': 1, 'n_gpus_per_node': 1, 'save_freq': 200, 'resume_mode': 'auto', 'resume_from_path': None, 'val_before_train': True, 'val_only': False, 'test_freq': 100, 'critic_warmup': 0, 'default_hdfs_dir': None, 'del_local_ckpt_after_load': False, 'default_local_dir': 'checkpoints/DS-verl/DS-GRPO-Qwen3-4B/0626/DS-GRPO-grpo-201350', 'max_actor_ckpt_to_keep': None, 'max_critic_ckpt_to_keep': None, 'ray_wait_register_center_timeout': 300, 'device': 'cuda'}, 'ray_init': {'num_cpus': None, 'timeline_json_file': None}, '_wandb': {}}
2025-06-26 20:18:53,806 INFO    MainThread:1161976 [wandb_init.py:init():872] starting backend
2025-06-26 20:18:54,638 INFO    MainThread:1161976 [wandb_init.py:init():875] sending inform_init request
2025-06-26 20:18:54,665 INFO    MainThread:1161976 [wandb_init.py:init():883] backend started and connected
2025-06-26 20:18:54,669 INFO    MainThread:1161976 [wandb_init.py:init():956] updated telemetry
2025-06-26 20:18:54,676 INFO    MainThread:1161976 [wandb_init.py:init():980] communicating run to backend with 90.0 second timeout
2025-06-26 20:19:25,161 INFO    Thread-2 (wrapped_target):1161976 [retry.py:__call__():173] [no run ID] Retry attempt failed:
Traceback (most recent call last):
  File "/dev_data/wy/conda/envs/verl/lib/python3.10/site-packages/urllib3/connection.py", line 198, in _new_conn
    sock = connection.create_connection(
  File "/dev_data/wy/conda/envs/verl/lib/python3.10/site-packages/urllib3/util/connection.py", line 85, in create_connection
    raise err
  File "/dev_data/wy/conda/envs/verl/lib/python3.10/site-packages/urllib3/util/connection.py", line 73, in create_connection
    sock.connect(sa)
TimeoutError: timed out

The above exception was the direct cause of the following exception:

Traceback (most recent call last):
  File "/dev_data/wy/conda/envs/verl/lib/python3.10/site-packages/urllib3/connectionpool.py", line 787, in urlopen
    response = self._make_request(
  File "/dev_data/wy/conda/envs/verl/lib/python3.10/site-packages/urllib3/connectionpool.py", line 488, in _make_request
    raise new_e
  File "/dev_data/wy/conda/envs/verl/lib/python3.10/site-packages/urllib3/connectionpool.py", line 464, in _make_request
    self._validate_conn(conn)
  File "/dev_data/wy/conda/envs/verl/lib/python3.10/site-packages/urllib3/connectionpool.py", line 1093, in _validate_conn
    conn.connect()
  File "/dev_data/wy/conda/envs/verl/lib/python3.10/site-packages/urllib3/connection.py", line 753, in connect
    self.sock = sock = self._new_conn()
  File "/dev_data/wy/conda/envs/verl/lib/python3.10/site-packages/urllib3/connection.py", line 207, in _new_conn
    raise ConnectTimeoutError(
urllib3.exceptions.ConnectTimeoutError: (<urllib3.connection.HTTPSConnection object at 0x76e9181ebc70>, 'Connection to api.wandb.ai timed out. (connect timeout=20)')

The above exception was the direct cause of the following exception:

Traceback (most recent call last):
  File "/dev_data/wy/conda/envs/verl/lib/python3.10/site-packages/requests/adapters.py", line 667, in send
    resp = conn.urlopen(
  File "/dev_data/wy/conda/envs/verl/lib/python3.10/site-packages/urllib3/connectionpool.py", line 841, in urlopen
    retries = retries.increment(
  File "/dev_data/wy/conda/envs/verl/lib/python3.10/site-packages/urllib3/util/retry.py", line 519, in increment
    raise MaxRetryError(_pool, url, reason) from reason  # type: ignore[arg-type]
urllib3.exceptions.MaxRetryError: HTTPSConnectionPool(host='api.wandb.ai', port=443): Max retries exceeded with url: /graphql (Caused by ConnectTimeoutError(<urllib3.connection.HTTPSConnection object at 0x76e9181ebc70>, 'Connection to api.wandb.ai timed out. (connect timeout=20)'))

During handling of the above exception, another exception occurred:

Traceback (most recent call last):
  File "/dev_data/wy/conda/envs/verl/lib/python3.10/site-packages/wandb/sdk/lib/retry.py", line 134, in __call__
    result = self._call_fn(*args, **kwargs)
  File "/dev_data/wy/conda/envs/verl/lib/python3.10/site-packages/wandb/sdk/internal/internal_api.py", line 396, in execute
    return self.client.execute(*args, **kwargs)  # type: ignore
  File "/dev_data/wy/conda/envs/verl/lib/python3.10/site-packages/wandb/vendor/gql-0.2.0/wandb_gql/client.py", line 52, in execute
    result = self._get_result(document, *args, **kwargs)
  File "/dev_data/wy/conda/envs/verl/lib/python3.10/site-packages/wandb/vendor/gql-0.2.0/wandb_gql/client.py", line 60, in _get_result
    return self.transport.execute(document, *args, **kwargs)
  File "/dev_data/wy/conda/envs/verl/lib/python3.10/site-packages/wandb/sdk/lib/gql_request.py", line 58, in execute
    request = self.session.post(self.url, **post_args)
  File "/dev_data/wy/conda/envs/verl/lib/python3.10/site-packages/requests/sessions.py", line 637, in post
    return self.request("POST", url, data=data, json=json, **kwargs)
  File "/dev_data/wy/conda/envs/verl/lib/python3.10/site-packages/requests/sessions.py", line 589, in request
    resp = self.send(prep, **send_kwargs)
  File "/dev_data/wy/conda/envs/verl/lib/python3.10/site-packages/requests/sessions.py", line 703, in send
    r = adapter.send(request, **kwargs)
  File "/dev_data/wy/conda/envs/verl/lib/python3.10/site-packages/requests/adapters.py", line 688, in send
    raise ConnectTimeout(e, request=request)
requests.exceptions.ConnectTimeout: HTTPSConnectionPool(host='api.wandb.ai', port=443): Max retries exceeded with url: /graphql (Caused by ConnectTimeoutError(<urllib3.connection.HTTPSConnection object at 0x76e9181ebc70>, 'Connection to api.wandb.ai timed out. (connect timeout=20)'))
